[06-Sep-2023 19:23:08 UTC] PHP Parse error:  syntax error, unexpected '}' in /Applications/MAMP/htdocs/planty/wp-content/themes/planty/functions.php on line 8
[06-Sep-2023 19:25:09 UTC] PHP Parse error:  syntax error, unexpected '}' in /Applications/MAMP/htdocs/planty/wp-content/themes/planty/functions.php on line 8
[06-Sep-2023 22:47:39 UTC] Erreur d’événement de replanification de tâche pour le crochet action_scheduler_run_queue. Code d’erreur : could_not_set. Message d’erreur : La liste des évènements planifiés n’a pas pu être sauvegardée.. Données : {"schedule":"every_minute","args":["WP Cron"],"interval":60}
[12-Sep-2023 17:53:04 UTC] PHP Notice:  Undefined variable: definitions in /Applications/MAMP/htdocs/planty/wp-content/themes/planty/templates/template_commande.php on line 33
[12-Sep-2023 17:53:04 UTC] PHP Warning:  Invalid argument supplied for foreach() in /Applications/MAMP/htdocs/planty/wp-content/themes/planty/templates/template_commande.php on line 33
[12-Sep-2023 17:56:46 UTC] PHP Notice:  Undefined variable: definitions in /Applications/MAMP/htdocs/planty/wp-content/themes/planty/templates/template_commande.php on line 33
[12-Sep-2023 17:56:46 UTC] PHP Warning:  Invalid argument supplied for foreach() in /Applications/MAMP/htdocs/planty/wp-content/themes/planty/templates/template_commande.php on line 33
[12-Sep-2023 17:56:46 UTC] PHP Notice:  Undefined variable: definitions in /Applications/MAMP/htdocs/planty/wp-content/themes/planty/templates/template_commande.php on line 33
[12-Sep-2023 17:56:46 UTC] PHP Warning:  Invalid argument supplied for foreach() in /Applications/MAMP/htdocs/planty/wp-content/themes/planty/templates/template_commande.php on line 33
[12-Sep-2023 17:59:55 UTC] PHP Notice:  Undefined variable: definitions in /Applications/MAMP/htdocs/planty/wp-content/themes/planty/templates/template_commande.php on line 33
[12-Sep-2023 17:59:55 UTC] PHP Warning:  Invalid argument supplied for foreach() in /Applications/MAMP/htdocs/planty/wp-content/themes/planty/templates/template_commande.php on line 33
[12-Sep-2023 18:02:28 UTC] PHP Notice:  Undefined variable: definitions in /Applications/MAMP/htdocs/planty/wp-content/themes/planty/templates/template_commande.php on line 33
[12-Sep-2023 18:02:28 UTC] PHP Warning:  Invalid argument supplied for foreach() in /Applications/MAMP/htdocs/planty/wp-content/themes/planty/templates/template_commande.php on line 33
[13-Sep-2023 08:28:57 UTC] PHP Warning:  mysqli_real_connect(): (HY000/2002): No such file or directory in /Applications/MAMP/htdocs/planty/wp-includes/class-wpdb.php on line 2035
[13-Sep-2023 08:29:09 UTC] PHP Warning:  mysqli_real_connect(): (HY000/2002): No such file or directory in /Applications/MAMP/htdocs/planty/wp-includes/class-wpdb.php on line 2035
[15-Sep-2023 10:14:13 UTC] PHP Notice:  Undefined variable: definitions in /Applications/MAMP/htdocs/planty/wp-content/themes/planty/templates/template_rencontrer.php on line 16
[15-Sep-2023 10:14:13 UTC] PHP Warning:  Invalid argument supplied for foreach() in /Applications/MAMP/htdocs/planty/wp-content/themes/planty/templates/template_rencontrer.php on line 16
[15-Sep-2023 10:19:13 UTC] PHP Notice:  Undefined variable: definitions in /Applications/MAMP/htdocs/planty/wp-content/themes/planty/templates/template_rencontrer.php on line 16
[15-Sep-2023 10:19:13 UTC] PHP Warning:  Invalid argument supplied for foreach() in /Applications/MAMP/htdocs/planty/wp-content/themes/planty/templates/template_rencontrer.php on line 16
[15-Sep-2023 10:19:20 UTC] PHP Notice:  Undefined variable: definitions in /Applications/MAMP/htdocs/planty/wp-content/themes/planty/templates/template_rencontrer.php on line 16
[15-Sep-2023 10:19:20 UTC] PHP Warning:  Invalid argument supplied for foreach() in /Applications/MAMP/htdocs/planty/wp-content/themes/planty/templates/template_rencontrer.php on line 16
[15-Sep-2023 10:20:21 UTC] PHP Notice:  Undefined variable: definitions in /Applications/MAMP/htdocs/planty/wp-content/themes/planty/templates/template_rencontrer.php on line 16
[15-Sep-2023 10:20:21 UTC] PHP Warning:  Invalid argument supplied for foreach() in /Applications/MAMP/htdocs/planty/wp-content/themes/planty/templates/template_rencontrer.php on line 16
[15-Sep-2023 10:21:13 UTC] PHP Notice:  Undefined variable: definitions in /Applications/MAMP/htdocs/planty/wp-content/themes/planty/templates/template_rencontrer.php on line 16
[15-Sep-2023 10:21:13 UTC] PHP Warning:  Invalid argument supplied for foreach() in /Applications/MAMP/htdocs/planty/wp-content/themes/planty/templates/template_rencontrer.php on line 16
[15-Sep-2023 10:25:10 UTC] PHP Notice:  Undefined variable: definitions in /Applications/MAMP/htdocs/planty/wp-content/themes/planty/templates/template_rencontrer.php on line 16
[15-Sep-2023 10:25:10 UTC] PHP Warning:  Invalid argument supplied for foreach() in /Applications/MAMP/htdocs/planty/wp-content/themes/planty/templates/template_rencontrer.php on line 16
